<?xml version="1.0" encoding="UTF-8"?>
<!-- Generated by org.testng.reporters.JUnitReportReporter -->
<testsuite hostname="DESKTOP-5BKKI8L" failures="0" tests="3" name="com.allianz.test.LoginTest" time="34.413" errors="0" timestamp="2024-04-16T00:14:25 PDT" skipped="0">
  <testcase classname="com.allianz.test.LoginTest" name="invalidLoginTest" time="7.946"/>
  <testcase classname="com.allianz.test.LoginTest" name="validLoginTest" time="18.753"/>
  <testcase classname="com.allianz.test.LoginTest" name="invalidLoginTest" time="7.714"/>
</testsuite> <!-- com.allianz.test.LoginTest -->
