<?xml version="1.0" encoding="UTF-8"?>
<!-- Generated by org.testng.reporters.JUnitReportReporter -->
<testsuite hostname="DESKTOP-5BKKI8L" failures="0" tests="2" name="com.allianz.test.LoginUITest" time="15.717" errors="0" timestamp="2024-04-03T23:45:03 PDT" skipped="0">
  <testcase classname="com.allianz.test.LoginUITest" name="applicationDescriptionTest" time="9.646"/>
  <testcase classname="com.allianz.test.LoginUITest" name="titleTest" time="6.071"/>
</testsuite> <!-- com.allianz.test.LoginUITest -->
