<?xml version="1.0" encoding="UTF-8"?>
<!-- Generated by org.testng.reporters.JUnitReportReporter -->
<testsuite hostname="DESKTOP-5BKKI8L" failures="0" tests="2" name="com.allianz.test.LoginUITest" time="18.168" errors="0" timestamp="2024-04-04T00:28:28 PDT" skipped="0">
  <testcase classname="com.allianz.test.LoginUITest" name="applicationDescriptionTest" time="10.885"/>
  <testcase classname="com.allianz.test.LoginUITest" name="titleTest" time="7.283"/>
</testsuite> <!-- com.allianz.test.LoginUITest -->
