<?xml version="1.0" encoding="UTF-8"?>
<!-- Generated by org.testng.reporters.JUnitReportReporter -->
<testsuite hostname="DESKTOP-5BKKI8L" failures="0" tests="1" name="com.allianz.test.LoginUITest" time="0.031" errors="0" timestamp="2024-04-03T22:41:29 PDT" skipped="0">
  <testcase classname="com.allianz.test.LoginUITest" name="titleTest" time="0.031"/>
</testsuite> <!-- com.allianz.test.LoginUITest -->
