<?xml version="1.0" encoding="UTF-8"?>
<!-- Generated by org.testng.reporters.JUnitReportReporter -->
<testsuite hostname="DESKTOP-5BKKI8L" failures="0" tests="2" name="com.allianz.test.LoginTest" time="40.512" errors="0" timestamp="2024-04-22T23:51:46 PDT" skipped="0">
  <testcase classname="com.allianz.test.LoginTest" name="invalidLoginTest" time="21.791"/>
  <testcase classname="com.allianz.test.LoginTest" name="invalidLoginTest" time="18.721"/>
</testsuite> <!-- com.allianz.test.LoginTest -->
